The system is: Darwin - 21.6.0 - arm64
Compiling the CXX compiler identification source file "CMakeCXXCompilerId.cpp" succeeded.
Compiler: /Library/Developer/CommandLineTools/usr/bin/c++ 
Build flags: 
Id flags: -c 

The output was:
0


Compilation of the CXX compiler identification source "CMakeCXXCompilerId.cpp" produced "CMakeCXXCompilerId.o"

The CXX compiler identification is AppleClang, found in "/Users/aanandpatel/Desktop/CS211-Final-Project-Aanand-Patel/final_project/cmake-build-debug/CMakeFiles/3.25.2/CompilerIdCXX/CMakeCXXCompilerId.o"

Detecting CXX compiler ABI info compiled with the following output:
Change Dir: /Users/aanandpatel/Desktop/CS211-Final-Project-Aanand-Patel/final_project/cmake-build-debug/CMakeFiles/CMakeScratch/TryCompile-Oosb07

Run Build Command(s):/usr/bin/make -f Makefile cmTC_fb70a/fast && /Library/Developer/CommandLineTools/usr/bin/make  -f CMakeFiles/cmTC_fb70a.dir/build.make CMakeFiles/cmTC_fb70a.dir/build
Building CXX object CMakeFiles/cmTC_fb70a.dir/CMakeCXXCompilerABI.cpp.o
/Library/Developer/CommandLineTools/usr/bin/c++   -arch arm64 -isysroot /Library/Developer/CommandLineTools/SDKs/MacOSX13.1.sdk -mmacosx-version-min=12.5 -fcolor-diagnostics   -v -Wl,-v -MD -MT CMakeFiles/cmTC_fb70a.dir/CMakeCXXCompilerABI.cpp.o -MF CMakeFiles/cmTC_fb70a.dir/CMakeCXXCompilerABI.cpp.o.d -o CMakeFiles/cmTC_fb70a.dir/CMakeCXXCompilerABI.cpp.o -c /Applications/CLion.app/Contents/bin/cmake/mac/share/cmake-3.25/Modules/CMakeCXXCompilerABI.cpp
Apple clang version 14.0.0 (clang-1400.0.29.202)
Target: arm64-apple-darwin21.6.0
Thread model: posix
InstalledDir: /Library/Developer/CommandLineTools/usr/bin
clang: [0;1;35mwarning: [0m[1m-Wl,-v: 'linker' input unused [-Wunused-command-line-argument][0m
 "/Library/Developer/CommandLineTools/usr/bin/clang" -cc1 -triple arm64-apple-macosx12.5.0 -Wundef-prefix=TARGET_OS_ -Wdeprecated-objc-isa-usage -Werror=deprecated-objc-isa-usage -Werror=implicit-function-declaration -emit-obj -mrelax-all --mrelax-relocations -disable-free -clear-ast-before-backend -disable-llvm-verifier -discard-value-names -main-file-name CMakeCXXCompilerABI.cpp -mrelocation-model pic -pic-level 2 -mframe-pointer=non-leaf -fno-strict-return -fno-rounding-math -funwind-tables=2 -fobjc-msgsend-selector-stubs -target-sdk-version=13.1 -fvisibility-inlines-hidden-static-local-var -target-cpu apple-m1 -target-feature +v8.5a -target-feature +fp-armv8 -target-feature +neon -target-feature +crc -target-feature +crypto -target-feature +dotprod -target-feature +fp16fml -target-feature +ras -target-feature +lse -target-feature +rdm -target-feature +rcpc -target-feature +zcm -target-feature +zcz -target-feature +fullfp16 -target-feature +sm4 -target-feature +sha3 -target-feature +sha2 -target-feature +aes -target-abi darwinpcs -fallow-half-arguments-and-returns -debugger-tuning=lldb -target-linker-version 820.1 -v -resource-dir /Library/Developer/CommandLineTools/usr/lib/clang/14.0.0 -dependency-file CMakeFiles/cmTC_fb70a.dir/CMakeCXXCompilerABI.cpp.o.d -skip-unused-modulemap-deps -MT CMakeFiles/cmTC_fb70a.dir/CMakeCXXCompilerABI.cpp.o -sys-header-deps -isysroot /Library/Developer/CommandLineTools/SDKs/MacOSX13.1.sdk -stdlib=libc++ -internal-isystem /Library/Developer/CommandLineTools/SDKs/MacOSX13.1.sdk/usr/include/c++/v1 -internal-isystem /Library/Developer/CommandLineTools/SDKs/MacOSX13.1.sdk/usr/local/include -internal-isystem /Library/Developer/CommandLineTools/usr/lib/clang/14.0.0/include -internal-externc-isystem /Library/Developer/CommandLineTools/SDKs/MacOSX13.1.sdk/usr/include -internal-externc-isystem /Library/Developer/CommandLineTools/usr/include -Wno-reorder-init-list -Wno-implicit-int-float-conversion -Wno-c99-designator -Wno-final-dtor-non-final-class -Wno-extra-semi-stmt -Wno-misleading-indentation -Wno-quoted-include-in-framework-header -Wno-implicit-fallthrough -Wno-enum-enum-conversion -Wno-enum-float-conversion -Wno-elaborated-enum-base -Wno-reserved-identifier -Wno-gnu-folding-constant -Wno-cast-function-type -Wno-bitwise-instead-of-logical -fdeprecated-macro -fdebug-compilation-dir=/Users/aanandpatel/Desktop/CS211-Final-Project-Aanand-Patel/final_project/cmake-build-debug/CMakeFiles/CMakeScratch/TryCompile-Oosb07 -ferror-limit 19 -stack-protector 1 -fstack-check -mdarwin-stkchk-strong-link -fblocks -fencode-extended-block-signature -fregister-global-dtors-with-atexit -fgnuc-version=4.2.1 -fno-cxx-modules -fcxx-exceptions -fexceptions -fmax-type-align=16 -fcommon -fcolor-diagnostics -clang-vendor-feature=+messageToSelfInClassMethodIdReturnType -clang-vendor-feature=+disableInferNewAvailabilityFromInit -clang-vendor-feature=+disableNonDependentMemberExprInCurrentInstantiation -fno-odr-hash-protocols -clang-vendor-feature=+enableAggressiveVLAFolding -clang-vendor-feature=+revert09abecef7bbf -clang-vendor-feature=+thisNoAlignAttr -clang-vendor-feature=+thisNoNullAttr -mllvm -disable-aligned-alloc-awareness=1 -D__GCC_HAVE_DWARF2_CFI_ASM=1 -o CMakeFiles/cmTC_fb70a.dir/CMakeCXXCompilerABI.cpp.o -x c++ /Applications/CLion.app/Contents/bin/cmake/mac/share/cmake-3.25/Modules/CMakeCXXCompilerABI.cpp
clang -cc1 version 14.0.0 (clang-1400.0.29.202) default target arm64-apple-darwin21.6.0
ignoring nonexistent directory "/Library/Developer/CommandLineTools/SDKs/MacOSX13.1.sdk/usr/local/include"
ignoring nonexistent directory "/Library/Developer/CommandLineTools/SDKs/MacOSX13.1.sdk/Library/Frameworks"
#include "..." search starts here:
#include <...> search starts here:
 /Library/Developer/CommandLineTools/SDKs/MacOSX13.1.sdk/usr/include/c++/v1
 /Library/Developer/CommandLineTools/usr/lib/clang/14.0.0/include
 /Library/Developer/CommandLineTools/SDKs/MacOSX13.1.sdk/usr/include
 /Library/Developer/CommandLineTools/usr/include
 /Library/Developer/CommandLineTools/SDKs/MacOSX13.1.sdk/System/Library/Frameworks (framework directory)
End of search list.
Linking CXX executable cmTC_fb70a
/Applications/CLion.app/Contents/bin/cmake/mac/bin/cmake -E cmake_link_script CMakeFiles/cmTC_fb70a.dir/link.txt --verbose=1
/Library/Developer/CommandLineTools/usr/bin/c++  -arch arm64 -isysroot /Library/Developer/CommandLineTools/SDKs/MacOSX13.1.sdk -mmacosx-version-min=12.5 -Wl,-search_paths_first -Wl,-headerpad_max_install_names  -v -Wl,-v CMakeFiles/cmTC_fb70a.dir/CMakeCXXCompilerABI.cpp.o -o cmTC_fb70a 
Apple clang version 14.0.0 (clang-1400.0.29.202)
Target: arm64-apple-darwin21.6.0
Thread model: posix
InstalledDir: /Library/Developer/CommandLineTools/usr/bin
 "/Library/Developer/CommandLineTools/usr/bin/ld" -demangle -lto_library /Library/Developer/CommandLineTools/usr/lib/libLTO.dylib -dynamic -arch arm64 -platform_version macos 12.5.0 13.1 -syslibroot /Library/Developer/CommandLineTools/SDKs/MacOSX13.1.sdk -o cmTC_fb70a -search_paths_first -headerpad_max_install_names -v CMakeFiles/cmTC_fb70a.dir/CMakeCXXCompilerABI.cpp.o -lc++ -lSystem /Library/Developer/CommandLineTools/usr/lib/clang/14.0.0/lib/darwin/libclang_rt.osx.a
@(#)PROGRAM:ld  PROJECT:ld64-820.1
BUILD 20:07:05 Nov  7 2022
configured to support archs: armv6 armv7 armv7s arm64 arm64e arm64_32 i386 x86_64 x86_64h armv6m armv7k armv7m armv7em
Library search paths:
	/Library/Developer/CommandLineTools/SDKs/MacOSX13.1.sdk/usr/lib
Framework search paths:
	/Library/Developer/CommandLineTools/SDKs/MacOSX13.1.sdk/System/Library/Frameworks/



Parsed CXX implicit include dir info from above output: rv=loading
  found start of include info
  warn: unable to parse implicit include dirs!


Parsed CXX implicit link information from above output:
  link line regex: [^( *|.*[/\])(ld|CMAKE_LINK_STARTFILE-NOTFOUND|([^/\]+-)?ld|collect2)[^/\]*( |$)]
  ignore line: [Change Dir: /Users/aanandpatel/Desktop/CS211-Final-Project-Aanand-Patel/final_project/cmake-build-debug/CMakeFiles/CMakeScratch/TryCompile-Oosb07]
  ignore line: []
  ignore line: [Run Build Command(s):/usr/bin/make -f Makefile cmTC_fb70a/fast && /Library/Developer/CommandLineTools/usr/bin/make  -f CMakeFiles/cmTC_fb70a.dir/build.make CMakeFiles/cmTC_fb70a.dir/build]
  ignore line: [Building CXX object CMakeFiles/cmTC_fb70a.dir/CMakeCXXCompilerABI.cpp.o]
  ignore line: [/Library/Developer/CommandLineTools/usr/bin/c++   -arch arm64 -isysroot /Library/Developer/CommandLineTools/SDKs/MacOSX13.1.sdk -mmacosx-version-min=12.5 -fcolor-diagnostics   -v -Wl -v -MD -MT CMakeFiles/cmTC_fb70a.dir/CMakeCXXCompilerABI.cpp.o -MF CMakeFiles/cmTC_fb70a.dir/CMakeCXXCompilerABI.cpp.o.d -o CMakeFiles/cmTC_fb70a.dir/CMakeCXXCompilerABI.cpp.o -c /Applications/CLion.app/Contents/bin/cmake/mac/share/cmake-3.25/Modules/CMakeCXXCompilerABI.cpp]
  ignore line: [Apple clang version 14.0.0 (clang-1400.0.29.202)]
  ignore line: [Target: arm64-apple-darwin21.6.0]
  ignore line: [Thread model: posix]
  ignore line: [InstalledDir: /Library/Developer/CommandLineTools/usr/bin]
  ignore line: [clang: [0;1;35mwarning: [0m[1m-Wl,-v: 'linker' input unused [-Wunused-command-line-argument][0m; "/Library/Developer/CommandLineTools/usr/bin/clang" -cc1 -triple arm64-apple-macosx12.5.0 -Wundef-prefix=TARGET_OS_ -Wdeprecated-objc-isa-usage -Werror=deprecated-objc-isa-usage -Werror=implicit-function-declaration -emit-obj -mrelax-all --mrelax-relocations -disable-free -clear-ast-before-backend -disable-llvm-verifier -discard-value-names -main-file-name CMakeCXXCompilerABI.cpp -mrelocation-model pic -pic-level 2 -mframe-pointer=non-leaf -fno-strict-return -fno-rounding-math -funwind-tables=2 -fobjc-msgsend-selector-stubs -target-sdk-version=13.1 -fvisibility-inlines-hidden-static-local-var -target-cpu apple-m1 -target-feature +v8.5a -target-feature +fp-armv8 -target-feature +neon -target-feature +crc -target-feature +crypto -target-feature +dotprod -target-feature +fp16fml -target-feature +ras -target-feature +lse -target-feature +rdm -target-feature +rcpc -target-feature +zcm -target-feature +zcz -target-feature +fullfp16 -target-feature +sm4 -target-feature +sha3 -target-feature +sha2 -target-feature +aes -target-abi darwinpcs -fallow-half-arguments-and-returns -debugger-tuning=lldb -target-linker-version 820.1 -v -resource-dir /Library/Developer/CommandLineTools/usr/lib/clang/14.0.0 -dependency-file CMakeFiles/cmTC_fb70a.dir/CMakeCXXCompilerABI.cpp.o.d -skip-unused-modulemap-deps -MT CMakeFiles/cmTC_fb70a.dir/CMakeCXXCompilerABI.cpp.o -sys-header-deps -isysroot /Library/Developer/CommandLineTools/SDKs/MacOSX13.1.sdk -stdlib=libc++ -internal-isystem /Library/Developer/CommandLineTools/SDKs/MacOSX13.1.sdk/usr/include/c++/v1 -internal-isystem /Library/Developer/CommandLineTools/SDKs/MacOSX13.1.sdk/usr/local/include -internal-isystem /Library/Developer/CommandLineTools/usr/lib/clang/14.0.0/include -internal-externc-isystem /Library/Developer/CommandLineTools/SDKs/MacOSX13.1.sdk/usr/include -internal-externc-isystem /Library/Developer/CommandLineTools/usr/include -Wno-reorder-init-list -Wno-implicit-int-float-conversion -Wno-c99-designator -Wno-final-dtor-non-final-class -Wno-extra-semi-stmt -Wno-misleading-indentation -Wno-quoted-include-in-framework-header -Wno-implicit-fallthrough -Wno-enum-enum-conversion -Wno-enum-float-conversion -Wno-elaborated-enum-base -Wno-reserved-identifier -Wno-gnu-folding-constant -Wno-cast-function-type -Wno-bitwise-instead-of-logical -fdeprecated-macro -fdebug-compilation-dir=/Users/aanandpatel/Desktop/CS211-Final-Project-Aanand-Patel/final_project/cmake-build-debug/CMakeFiles/CMakeScratch/TryCompile-Oosb07 -ferror-limit 19 -stack-protector 1 -fstack-check -mdarwin-stkchk-strong-link -fblocks -fencode-extended-block-signature -fregister-global-dtors-with-atexit -fgnuc-version=4.2.1 -fno-cxx-modules -fcxx-exceptions -fexceptions -fmax-type-align=16 -fcommon -fcolor-diagnostics -clang-vendor-feature=+messageToSelfInClassMethodIdReturnType -clang-vendor-feature=+disableInferNewAvailabilityFromInit -clang-vendor-feature=+disableNonDependentMemberExprInCurrentInstantiation -fno-odr-hash-protocols -clang-vendor-feature=+enableAggressiveVLAFolding -clang-vendor-feature=+revert09abecef7bbf -clang-vendor-feature=+thisNoAlignAttr -clang-vendor-feature=+thisNoNullAttr -mllvm -disable-aligned-alloc-awareness=1 -D__GCC_HAVE_DWARF2_CFI_ASM=1 -o CMakeFiles/cmTC_fb70a.dir/CMakeCXXCompilerABI.cpp.o -x c++ /Applications/CLion.app/Contents/bin/cmake/mac/share/cmake-3.25/Modules/CMakeCXXCompilerABI.cpp;clang -cc1 version 14.0.0 (clang-1400.0.29.202) default target arm64-apple-darwin21.6.0;ignoring nonexistent directory "/Library/Developer/CommandLineTools/SDKs/MacOSX13.1.sdk/usr/local/include";ignoring nonexistent directory "/Library/Developer/CommandLineTools/SDKs/MacOSX13.1.sdk/Library/Frameworks";#include "..." search starts here:;#include <...> search starts here:; /Library/Developer/CommandLineTools/SDKs/MacOSX13.1.sdk/usr/include/c++/v1; /Library/Developer/CommandLineTools/usr/lib/clang/14.0.0/include; /Library/Developer/CommandLineTools/SDKs/MacOSX13.1.sdk/usr/include; /Library/Developer/CommandLineTools/usr/include; /Library/Developer/CommandLineTools/SDKs/MacOSX13.1.sdk/System/Library/Frameworks (framework directory);End of search list.;Linking CXX executable cmTC_fb70a;/Applications/CLion.app/Contents/bin/cmake/mac/bin/cmake -E cmake_link_script CMakeFiles/cmTC_fb70a.dir/link.txt --verbose=1;/Library/Developer/CommandLineTools/usr/bin/c++  -arch arm64 -isysroot /Library/Developer/CommandLineTools/SDKs/MacOSX13.1.sdk -mmacosx-version-min=12.5 -Wl,-search_paths_first -Wl,-headerpad_max_install_names  -v -Wl,-v CMakeFiles/cmTC_fb70a.dir/CMakeCXXCompilerABI.cpp.o -o cmTC_fb70a ;Apple clang version 14.0.0 (clang-1400.0.29.202);Target: arm64-apple-darwin21.6.0;Thread model: posix;InstalledDir: /Library/Developer/CommandLineTools/usr/bin; "/Library/Developer/CommandLineTools/usr/bin/ld" -demangle -lto_library /Library/Developer/CommandLineTools/usr/lib/libLTO.dylib -dynamic -arch arm64 -platform_version macos 12.5.0 13.1 -syslibroot /Library/Developer/CommandLineTools/SDKs/MacOSX13.1.sdk -o cmTC_fb70a -search_paths_first -headerpad_max_install_names -v CMakeFiles/cmTC_fb70a.dir/CMakeCXXCompilerABI.cpp.o -lc++ -lSystem /Library/Developer/CommandLineTools/usr/lib/clang/14.0.0/lib/darwin/libclang_rt.osx.a;@(#)PROGRAM:ld  PROJECT:ld64-820.1;BUILD 20:07:05 Nov  7 2022;configured to support archs: armv6 armv7 armv7s arm64 arm64e arm64_32 i386 x86_64 x86_64h armv6m armv7k armv7m armv7em;Library search paths:;	/Library/Developer/CommandLineTools/SDKs/MacOSX13.1.sdk/usr/lib;Framework search paths:;	/Library/Developer/CommandLineTools/SDKs/MacOSX13.1.sdk/System/Library/Frameworks/;;]
  Library search paths: [;/Library/Developer/CommandLineTools/SDKs/MacOSX13.1.sdk/usr/lib]
  Framework search paths: [;/Library/Developer/CommandLineTools/SDKs/MacOSX13.1.sdk/System/Library/Frameworks/]
  collapse library dir [/Library/Developer/CommandLineTools/SDKs/MacOSX13.1.sdk/usr/lib] ==> [/Library/Developer/CommandLineTools/SDKs/MacOSX13.1.sdk/usr/lib]
  collapse framework dir [/Library/Developer/CommandLineTools/SDKs/MacOSX13.1.sdk/System/Library/Frameworks/] ==> [/Library/Developer/CommandLineTools/SDKs/MacOSX13.1.sdk/System/Library/Frameworks]
  implicit libs: []
  implicit objs: []
  implicit dirs: [/Library/Developer/CommandLineTools/SDKs/MacOSX13.1.sdk/usr/lib]
  implicit fwks: [/Library/Developer/CommandLineTools/SDKs/MacOSX13.1.sdk/System/Library/Frameworks]


Performing C++ SOURCE FILE Test CXXFLAG_WALL_OKAY succeeded with the following output:
Change Dir: /Users/aanandpatel/Desktop/CS211-Final-Project-Aanand-Patel/final_project/cmake-build-debug/CMakeFiles/CMakeScratch/TryCompile-QP17ar

Run Build Command(s):/usr/bin/make -f Makefile cmTC_bc74f/fast && /Library/Developer/CommandLineTools/usr/bin/make  -f CMakeFiles/cmTC_bc74f.dir/build.make CMakeFiles/cmTC_bc74f.dir/build
Building CXX object CMakeFiles/cmTC_bc74f.dir/src.cxx.o
/Library/Developer/CommandLineTools/usr/bin/c++ -DCXXFLAG_WALL_OKAY  -arch arm64 -isysroot /Library/Developer/CommandLineTools/SDKs/MacOSX13.1.sdk -mmacosx-version-min=12.5 -fcolor-diagnostics   -Wall -MD -MT CMakeFiles/cmTC_bc74f.dir/src.cxx.o -MF CMakeFiles/cmTC_bc74f.dir/src.cxx.o.d -o CMakeFiles/cmTC_bc74f.dir/src.cxx.o -c /Users/aanandpatel/Desktop/CS211-Final-Project-Aanand-Patel/final_project/cmake-build-debug/CMakeFiles/CMakeScratch/TryCompile-QP17ar/src.cxx
Linking CXX executable cmTC_bc74f
/Applications/CLion.app/Contents/bin/cmake/mac/bin/cmake -E cmake_link_script CMakeFiles/cmTC_bc74f.dir/link.txt --verbose=1
/Library/Developer/CommandLineTools/usr/bin/c++  -arch arm64 -isysroot /Library/Developer/CommandLineTools/SDKs/MacOSX13.1.sdk -mmacosx-version-min=12.5 -Wl,-search_paths_first -Wl,-headerpad_max_install_names CMakeFiles/cmTC_bc74f.dir/src.cxx.o -o cmTC_bc74f 


Source file was:
int main() { return 0; }

Performing C++ SOURCE FILE Test CXXFLAG_WCAST_QUAL_OKAY succeeded with the following output:
Change Dir: /Users/aanandpatel/Desktop/CS211-Final-Project-Aanand-Patel/final_project/cmake-build-debug/CMakeFiles/CMakeScratch/TryCompile-n9nk4Q

Run Build Command(s):/usr/bin/make -f Makefile cmTC_f83cf/fast && /Library/Developer/CommandLineTools/usr/bin/make  -f CMakeFiles/cmTC_f83cf.dir/build.make CMakeFiles/cmTC_f83cf.dir/build
Building CXX object CMakeFiles/cmTC_f83cf.dir/src.cxx.o
/Library/Developer/CommandLineTools/usr/bin/c++ -DCXXFLAG_WCAST_QUAL_OKAY  -arch arm64 -isysroot /Library/Developer/CommandLineTools/SDKs/MacOSX13.1.sdk -mmacosx-version-min=12.5 -fcolor-diagnostics   -Wcast-qual -MD -MT CMakeFiles/cmTC_f83cf.dir/src.cxx.o -MF CMakeFiles/cmTC_f83cf.dir/src.cxx.o.d -o CMakeFiles/cmTC_f83cf.dir/src.cxx.o -c /Users/aanandpatel/Desktop/CS211-Final-Project-Aanand-Patel/final_project/cmake-build-debug/CMakeFiles/CMakeScratch/TryCompile-n9nk4Q/src.cxx
Linking CXX executable cmTC_f83cf
/Applications/CLion.app/Contents/bin/cmake/mac/bin/cmake -E cmake_link_script CMakeFiles/cmTC_f83cf.dir/link.txt --verbose=1
/Library/Developer/CommandLineTools/usr/bin/c++  -arch arm64 -isysroot /Library/Developer/CommandLineTools/SDKs/MacOSX13.1.sdk -mmacosx-version-min=12.5 -Wl,-search_paths_first -Wl,-headerpad_max_install_names CMakeFiles/cmTC_f83cf.dir/src.cxx.o -o cmTC_f83cf 


Source file was:
int main() { return 0; }

Performing C++ SOURCE FILE Test CXXFLAG_WDANGLING_ELSE_OKAY succeeded with the following output:
Change Dir: /Users/aanandpatel/Desktop/CS211-Final-Project-Aanand-Patel/final_project/cmake-build-debug/CMakeFiles/CMakeScratch/TryCompile-y2wpvL

Run Build Command(s):/usr/bin/make -f Makefile cmTC_4cb53/fast && /Library/Developer/CommandLineTools/usr/bin/make  -f CMakeFiles/cmTC_4cb53.dir/build.make CMakeFiles/cmTC_4cb53.dir/build
Building CXX object CMakeFiles/cmTC_4cb53.dir/src.cxx.o
/Library/Developer/CommandLineTools/usr/bin/c++ -DCXXFLAG_WDANGLING_ELSE_OKAY  -arch arm64 -isysroot /Library/Developer/CommandLineTools/SDKs/MacOSX13.1.sdk -mmacosx-version-min=12.5 -fcolor-diagnostics   -Wdangling-else -MD -MT CMakeFiles/cmTC_4cb53.dir/src.cxx.o -MF CMakeFiles/cmTC_4cb53.dir/src.cxx.o.d -o CMakeFiles/cmTC_4cb53.dir/src.cxx.o -c /Users/aanandpatel/Desktop/CS211-Final-Project-Aanand-Patel/final_project/cmake-build-debug/CMakeFiles/CMakeScratch/TryCompile-y2wpvL/src.cxx
Linking CXX executable cmTC_4cb53
/Applications/CLion.app/Contents/bin/cmake/mac/bin/cmake -E cmake_link_script CMakeFiles/cmTC_4cb53.dir/link.txt --verbose=1
/Library/Developer/CommandLineTools/usr/bin/c++  -arch arm64 -isysroot /Library/Developer/CommandLineTools/SDKs/MacOSX13.1.sdk -mmacosx-version-min=12.5 -Wl,-search_paths_first -Wl,-headerpad_max_install_names CMakeFiles/cmTC_4cb53.dir/src.cxx.o -o cmTC_4cb53 


Source file was:
int main() { return 0; }

Performing C++ SOURCE FILE Test CXXFLAG_WNULL_DEREFERENCE_OKAY succeeded with the following output:
Change Dir: /Users/aanandpatel/Desktop/CS211-Final-Project-Aanand-Patel/final_project/cmake-build-debug/CMakeFiles/CMakeScratch/TryCompile-3PVySf

Run Build Command(s):/usr/bin/make -f Makefile cmTC_729d0/fast && /Library/Developer/CommandLineTools/usr/bin/make  -f CMakeFiles/cmTC_729d0.dir/build.make CMakeFiles/cmTC_729d0.dir/build
Building CXX object CMakeFiles/cmTC_729d0.dir/src.cxx.o
/Library/Developer/CommandLineTools/usr/bin/c++ -DCXXFLAG_WNULL_DEREFERENCE_OKAY  -arch arm64 -isysroot /Library/Developer/CommandLineTools/SDKs/MacOSX13.1.sdk -mmacosx-version-min=12.5 -fcolor-diagnostics   -Wnull-dereference -MD -MT CMakeFiles/cmTC_729d0.dir/src.cxx.o -MF CMakeFiles/cmTC_729d0.dir/src.cxx.o.d -o CMakeFiles/cmTC_729d0.dir/src.cxx.o -c /Users/aanandpatel/Desktop/CS211-Final-Project-Aanand-Patel/final_project/cmake-build-debug/CMakeFiles/CMakeScratch/TryCompile-3PVySf/src.cxx
Linking CXX executable cmTC_729d0
/Applications/CLion.app/Contents/bin/cmake/mac/bin/cmake -E cmake_link_script CMakeFiles/cmTC_729d0.dir/link.txt --verbose=1
/Library/Developer/CommandLineTools/usr/bin/c++  -arch arm64 -isysroot /Library/Developer/CommandLineTools/SDKs/MacOSX13.1.sdk -mmacosx-version-min=12.5 -Wl,-search_paths_first -Wl,-headerpad_max_install_names CMakeFiles/cmTC_729d0.dir/src.cxx.o -o cmTC_729d0 


Source file was:
int main() { return 0; }

Performing C++ SOURCE FILE Test CXXFLAG_WTYPE_LIMITS_OKAY succeeded with the following output:
Change Dir: /Users/aanandpatel/Desktop/CS211-Final-Project-Aanand-Patel/final_project/cmake-build-debug/CMakeFiles/CMakeScratch/TryCompile-YKsI0h

Run Build Command(s):/usr/bin/make -f Makefile cmTC_a5af1/fast && /Library/Developer/CommandLineTools/usr/bin/make  -f CMakeFiles/cmTC_a5af1.dir/build.make CMakeFiles/cmTC_a5af1.dir/build
Building CXX object CMakeFiles/cmTC_a5af1.dir/src.cxx.o
/Library/Developer/CommandLineTools/usr/bin/c++ -DCXXFLAG_WTYPE_LIMITS_OKAY  -arch arm64 -isysroot /Library/Developer/CommandLineTools/SDKs/MacOSX13.1.sdk -mmacosx-version-min=12.5 -fcolor-diagnostics   -Wtype-limits -MD -MT CMakeFiles/cmTC_a5af1.dir/src.cxx.o -MF CMakeFiles/cmTC_a5af1.dir/src.cxx.o.d -o CMakeFiles/cmTC_a5af1.dir/src.cxx.o -c /Users/aanandpatel/Desktop/CS211-Final-Project-Aanand-Patel/final_project/cmake-build-debug/CMakeFiles/CMakeScratch/TryCompile-YKsI0h/src.cxx
Linking CXX executable cmTC_a5af1
/Applications/CLion.app/Contents/bin/cmake/mac/bin/cmake -E cmake_link_script CMakeFiles/cmTC_a5af1.dir/link.txt --verbose=1
/Library/Developer/CommandLineTools/usr/bin/c++  -arch arm64 -isysroot /Library/Developer/CommandLineTools/SDKs/MacOSX13.1.sdk -mmacosx-version-min=12.5 -Wl,-search_paths_first -Wl,-headerpad_max_install_names CMakeFiles/cmTC_a5af1.dir/src.cxx.o -o cmTC_a5af1 


Source file was:
int main() { return 0; }

Performing C++ SOURCE FILE Test CXXFLAG_WWRITE_STRINGS_OKAY succeeded with the following output:
Change Dir: /Users/aanandpatel/Desktop/CS211-Final-Project-Aanand-Patel/final_project/cmake-build-debug/CMakeFiles/CMakeScratch/TryCompile-knEhH3

Run Build Command(s):/usr/bin/make -f Makefile cmTC_feb2f/fast && /Library/Developer/CommandLineTools/usr/bin/make  -f CMakeFiles/cmTC_feb2f.dir/build.make CMakeFiles/cmTC_feb2f.dir/build
Building CXX object CMakeFiles/cmTC_feb2f.dir/src.cxx.o
/Library/Developer/CommandLineTools/usr/bin/c++ -DCXXFLAG_WWRITE_STRINGS_OKAY  -arch arm64 -isysroot /Library/Developer/CommandLineTools/SDKs/MacOSX13.1.sdk -mmacosx-version-min=12.5 -fcolor-diagnostics   -Wwrite-strings -MD -MT CMakeFiles/cmTC_feb2f.dir/src.cxx.o -MF CMakeFiles/cmTC_feb2f.dir/src.cxx.o.d -o CMakeFiles/cmTC_feb2f.dir/src.cxx.o -c /Users/aanandpatel/Desktop/CS211-Final-Project-Aanand-Patel/final_project/cmake-build-debug/CMakeFiles/CMakeScratch/TryCompile-knEhH3/src.cxx
Linking CXX executable cmTC_feb2f
/Applications/CLion.app/Contents/bin/cmake/mac/bin/cmake -E cmake_link_script CMakeFiles/cmTC_feb2f.dir/link.txt --verbose=1
/Library/Developer/CommandLineTools/usr/bin/c++  -arch arm64 -isysroot /Library/Developer/CommandLineTools/SDKs/MacOSX13.1.sdk -mmacosx-version-min=12.5 -Wl,-search_paths_first -Wl,-headerpad_max_install_names CMakeFiles/cmTC_feb2f.dir/src.cxx.o -o cmTC_feb2f 


Source file was:
int main() { return 0; }

Performing C++ SOURCE FILE Test CXXFLAG_WERROR_BOOL_OPERATION_OKAY succeeded with the following output:
Change Dir: /Users/aanandpatel/Desktop/CS211-Final-Project-Aanand-Patel/final_project/cmake-build-debug/CMakeFiles/CMakeScratch/TryCompile-BZeNfv

Run Build Command(s):/usr/bin/make -f Makefile cmTC_8db04/fast && /Library/Developer/CommandLineTools/usr/bin/make  -f CMakeFiles/cmTC_8db04.dir/build.make CMakeFiles/cmTC_8db04.dir/build
Building CXX object CMakeFiles/cmTC_8db04.dir/src.cxx.o
/Library/Developer/CommandLineTools/usr/bin/c++ -DCXXFLAG_WERROR_BOOL_OPERATION_OKAY  -arch arm64 -isysroot /Library/Developer/CommandLineTools/SDKs/MacOSX13.1.sdk -mmacosx-version-min=12.5 -fcolor-diagnostics   -Werror=bool-operation -MD -MT CMakeFiles/cmTC_8db04.dir/src.cxx.o -MF CMakeFiles/cmTC_8db04.dir/src.cxx.o.d -o CMakeFiles/cmTC_8db04.dir/src.cxx.o -c /Users/aanandpatel/Desktop/CS211-Final-Project-Aanand-Patel/final_project/cmake-build-debug/CMakeFiles/CMakeScratch/TryCompile-BZeNfv/src.cxx
Linking CXX executable cmTC_8db04
/Applications/CLion.app/Contents/bin/cmake/mac/bin/cmake -E cmake_link_script CMakeFiles/cmTC_8db04.dir/link.txt --verbose=1
/Library/Developer/CommandLineTools/usr/bin/c++  -arch arm64 -isysroot /Library/Developer/CommandLineTools/SDKs/MacOSX13.1.sdk -mmacosx-version-min=12.5 -Wl,-search_paths_first -Wl,-headerpad_max_install_names CMakeFiles/cmTC_8db04.dir/src.cxx.o -o cmTC_8db04 


Source file was:
int main() { return 0; }

Performing C++ SOURCE FILE Test CXXFLAG_WERROR_INT_TO_POINTER_CAST_OKAY succeeded with the following output:
Change Dir: /Users/aanandpatel/Desktop/CS211-Final-Project-Aanand-Patel/final_project/cmake-build-debug/CMakeFiles/CMakeScratch/TryCompile-GxfEia

Run Build Command(s):/usr/bin/make -f Makefile cmTC_e7c8d/fast && /Library/Developer/CommandLineTools/usr/bin/make  -f CMakeFiles/cmTC_e7c8d.dir/build.make CMakeFiles/cmTC_e7c8d.dir/build
Building CXX object CMakeFiles/cmTC_e7c8d.dir/src.cxx.o
/Library/Developer/CommandLineTools/usr/bin/c++ -DCXXFLAG_WERROR_INT_TO_POINTER_CAST_OKAY  -arch arm64 -isysroot /Library/Developer/CommandLineTools/SDKs/MacOSX13.1.sdk -mmacosx-version-min=12.5 -fcolor-diagnostics   -Werror=int-to-pointer-cast -MD -MT CMakeFiles/cmTC_e7c8d.dir/src.cxx.o -MF CMakeFiles/cmTC_e7c8d.dir/src.cxx.o.d -o CMakeFiles/cmTC_e7c8d.dir/src.cxx.o -c /Users/aanandpatel/Desktop/CS211-Final-Project-Aanand-Patel/final_project/cmake-build-debug/CMakeFiles/CMakeScratch/TryCompile-GxfEia/src.cxx
Linking CXX executable cmTC_e7c8d
/Applications/CLion.app/Contents/bin/cmake/mac/bin/cmake -E cmake_link_script CMakeFiles/cmTC_e7c8d.dir/link.txt --verbose=1
/Library/Developer/CommandLineTools/usr/bin/c++  -arch arm64 -isysroot /Library/Developer/CommandLineTools/SDKs/MacOSX13.1.sdk -mmacosx-version-min=12.5 -Wl,-search_paths_first -Wl,-headerpad_max_install_names CMakeFiles/cmTC_e7c8d.dir/src.cxx.o -o cmTC_e7c8d 


Source file was:
int main() { return 0; }

Performing C++ SOURCE FILE Test CXXFLAG_WERROR_RETURN_TYPE_OKAY succeeded with the following output:
Change Dir: /Users/aanandpatel/Desktop/CS211-Final-Project-Aanand-Patel/final_project/cmake-build-debug/CMakeFiles/CMakeScratch/TryCompile-JVRXSJ

Run Build Command(s):/usr/bin/make -f Makefile cmTC_adfd3/fast && /Library/Developer/CommandLineTools/usr/bin/make  -f CMakeFiles/cmTC_adfd3.dir/build.make CMakeFiles/cmTC_adfd3.dir/build
Building CXX object CMakeFiles/cmTC_adfd3.dir/src.cxx.o
/Library/Developer/CommandLineTools/usr/bin/c++ -DCXXFLAG_WERROR_RETURN_TYPE_OKAY  -arch arm64 -isysroot /Library/Developer/CommandLineTools/SDKs/MacOSX13.1.sdk -mmacosx-version-min=12.5 -fcolor-diagnostics   -Werror=return-type -MD -MT CMakeFiles/cmTC_adfd3.dir/src.cxx.o -MF CMakeFiles/cmTC_adfd3.dir/src.cxx.o.d -o CMakeFiles/cmTC_adfd3.dir/src.cxx.o -c /Users/aanandpatel/Desktop/CS211-Final-Project-Aanand-Patel/final_project/cmake-build-debug/CMakeFiles/CMakeScratch/TryCompile-JVRXSJ/src.cxx
Linking CXX executable cmTC_adfd3
/Applications/CLion.app/Contents/bin/cmake/mac/bin/cmake -E cmake_link_script CMakeFiles/cmTC_adfd3.dir/link.txt --verbose=1
/Library/Developer/CommandLineTools/usr/bin/c++  -arch arm64 -isysroot /Library/Developer/CommandLineTools/SDKs/MacOSX13.1.sdk -mmacosx-version-min=12.5 -Wl,-search_paths_first -Wl,-headerpad_max_install_names CMakeFiles/cmTC_adfd3.dir/src.cxx.o -o cmTC_adfd3 


Source file was:
int main() { return 0; }

Performing C++ SOURCE FILE Test CXXFLAG_WERROR_UNINITIALIZED_OKAY succeeded with the following output:
Change Dir: /Users/aanandpatel/Desktop/CS211-Final-Project-Aanand-Patel/final_project/cmake-build-debug/CMakeFiles/CMakeScratch/TryCompile-2khBYE

Run Build Command(s):/usr/bin/make -f Makefile cmTC_eae59/fast && /Library/Developer/CommandLineTools/usr/bin/make  -f CMakeFiles/cmTC_eae59.dir/build.make CMakeFiles/cmTC_eae59.dir/build
Building CXX object CMakeFiles/cmTC_eae59.dir/src.cxx.o
/Library/Developer/CommandLineTools/usr/bin/c++ -DCXXFLAG_WERROR_UNINITIALIZED_OKAY  -arch arm64 -isysroot /Library/Developer/CommandLineTools/SDKs/MacOSX13.1.sdk -mmacosx-version-min=12.5 -fcolor-diagnostics   -Werror=uninitialized -MD -MT CMakeFiles/cmTC_eae59.dir/src.cxx.o -MF CMakeFiles/cmTC_eae59.dir/src.cxx.o.d -o CMakeFiles/cmTC_eae59.dir/src.cxx.o -c /Users/aanandpatel/Desktop/CS211-Final-Project-Aanand-Patel/final_project/cmake-build-debug/CMakeFiles/CMakeScratch/TryCompile-2khBYE/src.cxx
Linking CXX executable cmTC_eae59
/Applications/CLion.app/Contents/bin/cmake/mac/bin/cmake -E cmake_link_script CMakeFiles/cmTC_eae59.dir/link.txt --verbose=1
/Library/Developer/CommandLineTools/usr/bin/c++  -arch arm64 -isysroot /Library/Developer/CommandLineTools/SDKs/MacOSX13.1.sdk -mmacosx-version-min=12.5 -Wl,-search_paths_first -Wl,-headerpad_max_install_names CMakeFiles/cmTC_eae59.dir/src.cxx.o -o cmTC_eae59 


Source file was:
int main() { return 0; }

Performing C++ SOURCE FILE Test LDFLAG_FSANITIZE_UNDEFINED_OKAY succeeded with the following output:
Change Dir: /Users/aanandpatel/Desktop/CS211-Final-Project-Aanand-Patel/final_project/cmake-build-debug/CMakeFiles/CMakeScratch/TryCompile-J7nGws

Run Build Command(s):/usr/bin/make -f Makefile cmTC_0251b/fast && /Library/Developer/CommandLineTools/usr/bin/make  -f CMakeFiles/cmTC_0251b.dir/build.make CMakeFiles/cmTC_0251b.dir/build
Building CXX object CMakeFiles/cmTC_0251b.dir/src.cxx.o
/Library/Developer/CommandLineTools/usr/bin/c++ -DLDFLAG_FSANITIZE_UNDEFINED_OKAY  -fsanitize=undefined  -arch arm64 -isysroot /Library/Developer/CommandLineTools/SDKs/MacOSX13.1.sdk -mmacosx-version-min=12.5 -fcolor-diagnostics -MD -MT CMakeFiles/cmTC_0251b.dir/src.cxx.o -MF CMakeFiles/cmTC_0251b.dir/src.cxx.o.d -o CMakeFiles/cmTC_0251b.dir/src.cxx.o -c /Users/aanandpatel/Desktop/CS211-Final-Project-Aanand-Patel/final_project/cmake-build-debug/CMakeFiles/CMakeScratch/TryCompile-J7nGws/src.cxx
Linking CXX executable cmTC_0251b
/Applications/CLion.app/Contents/bin/cmake/mac/bin/cmake -E cmake_link_script CMakeFiles/cmTC_0251b.dir/link.txt --verbose=1
/Library/Developer/CommandLineTools/usr/bin/c++  -fsanitize=undefined  -arch arm64 -isysroot /Library/Developer/CommandLineTools/SDKs/MacOSX13.1.sdk -mmacosx-version-min=12.5 -Wl,-search_paths_first -Wl,-headerpad_max_install_names CMakeFiles/cmTC_0251b.dir/src.cxx.o -o cmTC_0251b 


Source file was:
int main(){}

