Performing C++ SOURCE FILE Test CXXFLAG_WCAST_ALIGN_STRICT_OKAY failed with the following output:
Change Dir: /Users/aanandpatel/Desktop/CS211-Final-Project-Aanand-Patel/final_project/cmake-build-debug/CMakeFiles/CMakeScratch/TryCompile-mn0qw3

Run Build Command(s):/usr/bin/make -f Makefile cmTC_b6c13/fast && /Library/Developer/CommandLineTools/usr/bin/make  -f CMakeFiles/cmTC_b6c13.dir/build.make CMakeFiles/cmTC_b6c13.dir/build
Building CXX object CMakeFiles/cmTC_b6c13.dir/src.cxx.o
/Library/Developer/CommandLineTools/usr/bin/c++ -DCXXFLAG_WCAST_ALIGN_STRICT_OKAY  -arch arm64 -isysroot /Library/Developer/CommandLineTools/SDKs/MacOSX13.1.sdk -mmacosx-version-min=12.5 -fcolor-diagnostics   -Wcast-align=strict -MD -MT CMakeFiles/cmTC_b6c13.dir/src.cxx.o -MF CMakeFiles/cmTC_b6c13.dir/src.cxx.o.d -o CMakeFiles/cmTC_b6c13.dir/src.cxx.o -c /Users/aanandpatel/Desktop/CS211-Final-Project-Aanand-Patel/final_project/cmake-build-debug/CMakeFiles/CMakeScratch/TryCompile-mn0qw3/src.cxx
[0;1;35mwarning: [0m[1munknown warning option '-Wcast-align=strict'; did you mean '-Wcast-align'? [-Wunknown-warning-option][0m
1 warning generated.
Linking CXX executable cmTC_b6c13
/Applications/CLion.app/Contents/bin/cmake/mac/bin/cmake -E cmake_link_script CMakeFiles/cmTC_b6c13.dir/link.txt --verbose=1
/Library/Developer/CommandLineTools/usr/bin/c++  -arch arm64 -isysroot /Library/Developer/CommandLineTools/SDKs/MacOSX13.1.sdk -mmacosx-version-min=12.5 -Wl,-search_paths_first -Wl,-headerpad_max_install_names CMakeFiles/cmTC_b6c13.dir/src.cxx.o -o cmTC_b6c13 


Source file was:
int main() { return 0; }

Performing C++ SOURCE FILE Test CXXFLAG_WERROR_BOOL_COMPARE_OKAY failed with the following output:
Change Dir: /Users/aanandpatel/Desktop/CS211-Final-Project-Aanand-Patel/final_project/cmake-build-debug/CMakeFiles/CMakeScratch/TryCompile-8X9K2m

Run Build Command(s):/usr/bin/make -f Makefile cmTC_aa66e/fast && /Library/Developer/CommandLineTools/usr/bin/make  -f CMakeFiles/cmTC_aa66e.dir/build.make CMakeFiles/cmTC_aa66e.dir/build
Building CXX object CMakeFiles/cmTC_aa66e.dir/src.cxx.o
/Library/Developer/CommandLineTools/usr/bin/c++ -DCXXFLAG_WERROR_BOOL_COMPARE_OKAY  -arch arm64 -isysroot /Library/Developer/CommandLineTools/SDKs/MacOSX13.1.sdk -mmacosx-version-min=12.5 -fcolor-diagnostics   -Werror=bool-compare -MD -MT CMakeFiles/cmTC_aa66e.dir/src.cxx.o -MF CMakeFiles/cmTC_aa66e.dir/src.cxx.o.d -o CMakeFiles/cmTC_aa66e.dir/src.cxx.o -c /Users/aanandpatel/Desktop/CS211-Final-Project-Aanand-Patel/final_project/cmake-build-debug/CMakeFiles/CMakeScratch/TryCompile-8X9K2m/src.cxx
[0;1;35mwarning: [0m[1munknown warning option '-Werror=bool-compare' [-Wunknown-warning-option][0m
1 warning generated.
Linking CXX executable cmTC_aa66e
/Applications/CLion.app/Contents/bin/cmake/mac/bin/cmake -E cmake_link_script CMakeFiles/cmTC_aa66e.dir/link.txt --verbose=1
/Library/Developer/CommandLineTools/usr/bin/c++  -arch arm64 -isysroot /Library/Developer/CommandLineTools/SDKs/MacOSX13.1.sdk -mmacosx-version-min=12.5 -Wl,-search_paths_first -Wl,-headerpad_max_install_names CMakeFiles/cmTC_aa66e.dir/src.cxx.o -o cmTC_aa66e 


Source file was:
int main() { return 0; }

